<?xml version="1.0" encoding="UTF-8"?>
<!-- Generated by org.testng.reporters.JUnitReportReporter -->
<testsuite skipped="0" hostname="jitender4568" name="com.agoda.framework.testcase.SupportingFunctions" tests="1" failures="0" timestamp="26 May 2019 16:48:59 GMT" time="0.014" errors="0">
  <testcase name="checkSimilarityInPassword" time="0.014" classname="com.agoda.framework.testcase.SupportingFunctions"/>
</testsuite> <!-- com.agoda.framework.testcase.SupportingFunctions -->
